<?xml version="1.0" encoding="UTF-8"?>
<!-- Generated by org.testng.reporters.JUnitXMLReporter -->
<testsuite ignored="0" hostname="panwarManish" failures="0" tests="2" name="Default test" time="19.22" errors="0" timestamp="2023-06-18T17:40:58 IST">
  <testcase classname="com.testcases.test_homepage_MidBanner" name="test_HomeImprovement_Beauty" time="2.882"/>
  <testcase classname="com.testcases.test_homepage_MidBanner" name="test_top_Fashion_HomeKitchen" time="2.703"/>
</testsuite> <!-- Default test -->
