<?xml version="1.0" encoding="UTF-8"?>
<!-- Generated by org.testng.reporters.JUnitXMLReporter -->
<testsuite ignored="0" hostname="panwarManish" failures="0" tests="4" name="Test1" time="38.141" errors="0" timestamp="2023-06-23T11:52:36 IST">
  <testcase classname="com.testcases.test_homepage_MidBanner" name="test_HomeImprovement_Beauty" time="4.452"/>
  <testcase classname="com.testcases.test_homepage_MidBanner" name="test_top_Fashion_HomeKitchen" time="3.873"/>
  <testcase classname="com.testcases.test_homepage_topBanner" name="test_Homepage" time="0.722"/>
  <testcase classname="com.testcases.test_homepage_groceries" name="test_Groceries_FruitsVegetables" time="0.001"/>
</testsuite> <!-- Test1 -->
